Start testing: Oct 03 20:43 India Standard Time
----------------------------------------------------------
1/1 Testing: FibonacciTest.BasicAssertions_2
1/1 Test: FibonacciTest.BasicAssertions_2
Command: "C:/Users/sayak/source/repos/fibonacci_test/build/Debug/hello_test.exe" "--gtest_filter=FibonacciTest.BasicAssertions_2" "--gtest_also_run_disabled_tests"
Directory: C:/Users/sayak/source/repos/fibonacci_test/build
"FibonacciTest.BasicAssertions_2" start time: Oct 03 20:43 India Standard Time
Output:
----------------------------------------------------------
Running main() from C:\Users\sayak\source\repos\fibonacci_test\build\_deps\googletest-src\googletest\src\gtest_main.cc
Note: Google Test filter = FibonacciTest.BasicAssertions_2
[==========] Running 1 test from 1 test suite.
[----------] Global test environment set-up.
[----------] 1 test from FibonacciTest
[ RUN      ] FibonacciTest.BasicAssertions_2
[       OK ] FibonacciTest.BasicAssertions_2 (0 ms)
[----------] 1 test from FibonacciTest (0 ms total)

[----------] Global test environment tear-down
[==========] 1 test from 1 test suite ran. (1 ms total)
[  PASSED  ] 1 test.
<end of output>
Test time =   0.21 sec
----------------------------------------------------------
Test Passed.
"FibonacciTest.BasicAssertions_2" end time: Oct 03 20:43 India Standard Time
"FibonacciTest.BasicAssertions_2" time elapsed: 00:00:00
----------------------------------------------------------

End testing: Oct 03 20:43 India Standard Time
